<?xml version="1.0" encoding="UTF-8"?>
<testsuite name="be.doubotis.testing.AISPClientTest" tests="3" skipped="0" failures="0" errors="0" timestamp="2019-12-16T20:09:49" hostname="DESKTOP-9R5CBD7" time="17.765">
  <properties/>
  <testcase name="testAccounts" classname="be.doubotis.testing.AISPClientTest" time="0.524"/>
  <testcase name="testTransactions" classname="be.doubotis.testing.AISPClientTest" time="0.0"/>
  <testcase name="testBalance" classname="be.doubotis.testing.AISPClientTest" time="17.241"/>
  <system-out><![CDATA[{"_links":{"self":{"href":"/psd2/v1/accounts?index=1&brand=bnppf"}},"accounts":[{"resourceId":"BE97825781680596EUR","bicFi":"GEBABBEB","name":"Gustv Hertz - BNPPF","usage":"PRIV","cashAccountType":"CACC","product":"CUR - BNPPF","currency":"EUR","accountId":{"iban":"BE97825781680596"},"psuStatus":"AccountHolder","_links":{"balances":{"href":"/psd2/v1/accounts/BE97825781680596EUR/balances"},"transactions":{"href":"/psd2/v1/accounts/BE97825781680596EUR/transactions"}}}]}
[{"cashAccountType":"CACC","accountId":{"iban":"BE97825781680596"},"resourceId":"BE97825781680596EUR","product":"CUR - BNPPF","_links":{"balances":{"href":"/psd2/v1/accounts/BE97825781680596EUR/balances"},"transactions":{"href":"/psd2/v1/accounts/BE97825781680596EUR/transactions"}},"usage":"PRIV","psuStatus":"AccountHolder","name":"Gustv Hertz - BNPPF","bicFi":"GEBABBEB","currency":"EUR"}]
null
{"_links":{"self":{"href":"/psd2/v1/accounts/BE97825781680596EUR/balances"},"parent-list":{"href":"/psd2/v1/accounts?brand=bnppf"},"transactions":{"href":"/psd2/v1/accounts/BE97825781680596EUR/transactions"}},"balances":[{"name":"Closing balance","balanceType":"CLBD","referenceDate":"2019-03-26","balanceAmount":{"currency":"EUR","amount":"100.00"}},{"name":"Operational Balance","balanceType":"OTHR","referenceDate":"2019-03-26","balanceAmount":{"currency":"EUR","amount":"100.00"}}]}
[{"balanceType":"CLBD","name":"Closing balance","referenceDate":"2019-03-26","balanceAmount":{"amount":"100.00","currency":"EUR"}}, {"balanceType":"OTHR","name":"Operational Balance","referenceDate":"2019-03-26","balanceAmount":{"amount":"100.00","currency":"EUR"}}]
]]></system-out>
  <system-err><![CDATA[]]></system-err>
</testsuite>
